<?xml version="1.0" encoding="UTF-8"?>
<!-- Generated by org.testng.reporters.JUnitReportReporter -->
<testsuite hostname="gurkirats-MacBook-Air.local" failures="0" tests="1" name="Test.Logintest" time="4.888" errors="0" timestamp="2020-02-23T19:51:58 EST" skipped="0">
  <testcase classname="Test.Logintest" name="logintestfortestng" time="4.888"/>
</testsuite> <!-- Test.Logintest -->
