<?xml version="1.0" encoding="UTF-8"?>
<!-- Generated by org.testng.reporters.JUnitReportReporter -->
<testsuite hostname="gurkirats-MacBook-Air.local" failures="0" tests="2" name="Test.SelectTestCase" time="5.676" errors="0" timestamp="2020-02-23T21:54:32 EST" skipped="0">
  <testcase classname="Test.SelectTestCase" name="logintestfortestng" time="2.544"/>
  <testcase classname="Test.SelectTestCase" name="selecttest" time="3.132"/>
</testsuite> <!-- Test.SelectTestCase -->
