<?xml version="1.0" encoding="UTF-8"?>
<!-- Generated by org.testng.reporters.JUnitReportReporter -->
<testsuite hostname="gurkirats-MacBook-Air.local" failures="0" tests="1" name="com.techfios.qa.Mavem_TestNG.AppTest" time="0.060" errors="0" timestamp="23 Feb. 2020 23:57:05 GMT" skipped="0">
  <testcase classname="com.techfios.qa.Mavem_TestNG.AppTest" name="shouldAnswerWithTrue" time="0.060"/>
</testsuite> <!-- com.techfios.qa.Mavem_TestNG.AppTest -->
